<?xml version="1.0" encoding="UTF-8"?>
<testsuite xmlns:xsi="http://www.w3.org/2001/XMLSchema-instance" xsi:noNamespaceSchemaLocation="https://maven.apache.org/surefire/maven-surefire-plugin/xsd/surefire-test-report.xsd" name="TestSuite" time="3.719" tests="1" errors="0" skipped="0" failures="1">
  <properties>
    <property name="java.specification.version" value="19"/>
    <property name="sun.cpu.isalist" value="amd64"/>
    <property name="sun.jnu.encoding" value="Cp1250"/>
    <property name="java.class.path" value="F:\TestProjektSelenium\target\test-classes;F:\TestProjektSelenium\target\classes;C:\Users\tomis\.m2\repository\org\seleniumhq\selenium\selenium-java\4.8.0\selenium-java-4.8.0.jar;C:\Users\tomis\.m2\repository\org\seleniumhq\selenium\selenium-api\4.8.0\selenium-api-4.8.0.jar;C:\Users\tomis\.m2\repository\org\seleniumhq\selenium\selenium-chrome-driver\4.8.0\selenium-chrome-driver-4.8.0.jar;C:\Users\tomis\.m2\repository\com\google\auto\service\auto-service-annotations\1.0.1\auto-service-annotations-1.0.1.jar;C:\Users\tomis\.m2\repository\com\google\auto\service\auto-service\1.0.1\auto-service-1.0.1.jar;C:\Users\tomis\.m2\repository\com\google\auto\auto-common\1.2\auto-common-1.2.jar;C:\Users\tomis\.m2\repository\com\google\guava\guava\31.1-jre\guava-31.1-jre.jar;C:\Users\tomis\.m2\repository\com\google\guava\failureaccess\1.0.1\failureaccess-1.0.1.jar;C:\Users\tomis\.m2\repository\com\google\guava\listenablefuture\9999.0-empty-to-avoid-conflict-with-guava\listenablefuture-9999.0-empty-to-avoid-conflict-with-guava.jar;C:\Users\tomis\.m2\repository\com\google\code\findbugs\jsr305\3.0.2\jsr305-3.0.2.jar;C:\Users\tomis\.m2\repository\org\checkerframework\checker-qual\3.12.0\checker-qual-3.12.0.jar;C:\Users\tomis\.m2\repository\com\google\errorprone\error_prone_annotations\2.11.0\error_prone_annotations-2.11.0.jar;C:\Users\tomis\.m2\repository\com\google\j2objc\j2objc-annotations\1.3\j2objc-annotations-1.3.jar;C:\Users\tomis\.m2\repository\org\seleniumhq\selenium\selenium-chromium-driver\4.8.0\selenium-chromium-driver-4.8.0.jar;C:\Users\tomis\.m2\repository\org\seleniumhq\selenium\selenium-json\4.8.0\selenium-json-4.8.0.jar;C:\Users\tomis\.m2\repository\org\seleniumhq\selenium\selenium-devtools-v107\4.8.0\selenium-devtools-v107-4.8.0.jar;C:\Users\tomis\.m2\repository\org\seleniumhq\selenium\selenium-devtools-v108\4.8.0\selenium-devtools-v108-4.8.0.jar;C:\Users\tomis\.m2\repository\org\seleniumhq\selenium\selenium-devtools-v109\4.8.0\selenium-devtools-v109-4.8.0.jar;C:\Users\tomis\.m2\repository\org\seleniumhq\selenium\selenium-devtools-v85\4.8.0\selenium-devtools-v85-4.8.0.jar;C:\Users\tomis\.m2\repository\org\seleniumhq\selenium\selenium-edge-driver\4.8.0\selenium-edge-driver-4.8.0.jar;C:\Users\tomis\.m2\repository\org\seleniumhq\selenium\selenium-firefox-driver\4.8.0\selenium-firefox-driver-4.8.0.jar;C:\Users\tomis\.m2\repository\org\seleniumhq\selenium\selenium-http\4.8.0\selenium-http-4.8.0.jar;C:\Users\tomis\.m2\repository\dev\failsafe\failsafe\3.3.0\failsafe-3.3.0.jar;C:\Users\tomis\.m2\repository\org\seleniumhq\selenium\selenium-ie-driver\4.8.0\selenium-ie-driver-4.8.0.jar;C:\Users\tomis\.m2\repository\org\seleniumhq\selenium\selenium-remote-driver\4.8.0\selenium-remote-driver-4.8.0.jar;C:\Users\tomis\.m2\repository\io\netty\netty-buffer\4.1.87.Final\netty-buffer-4.1.87.Final.jar;C:\Users\tomis\.m2\repository\io\netty\netty-codec-http\4.1.87.Final\netty-codec-http-4.1.87.Final.jar;C:\Users\tomis\.m2\repository\io\netty\netty-codec\4.1.87.Final\netty-codec-4.1.87.Final.jar;C:\Users\tomis\.m2\repository\io\netty\netty-handler\4.1.87.Final\netty-handler-4.1.87.Final.jar;C:\Users\tomis\.m2\repository\io\netty\netty-common\4.1.87.Final\netty-common-4.1.87.Final.jar;C:\Users\tomis\.m2\repository\io\netty\netty-transport-classes-epoll\4.1.87.Final\netty-transport-classes-epoll-4.1.87.Final.jar;C:\Users\tomis\.m2\repository\io\netty\netty-transport-classes-kqueue\4.1.87.Final\netty-transport-classes-kqueue-4.1.87.Final.jar;C:\Users\tomis\.m2\repository\io\netty\netty-transport-native-epoll\4.1.87.Final\netty-transport-native-epoll-4.1.87.Final.jar;C:\Users\tomis\.m2\repository\io\netty\netty-transport-native-kqueue\4.1.87.Final\netty-transport-native-kqueue-4.1.87.Final.jar;C:\Users\tomis\.m2\repository\io\netty\netty-transport-native-unix-common\4.1.87.Final\netty-transport-native-unix-common-4.1.87.Final.jar;C:\Users\tomis\.m2\repository\io\netty\netty-transport\4.1.87.Final\netty-transport-4.1.87.Final.jar;C:\Users\tomis\.m2\repository\io\netty\netty-resolver\4.1.87.Final\netty-resolver-4.1.87.Final.jar;C:\Users\tomis\.m2\repository\io\opentelemetry\opentelemetry-api\1.22.0\opentelemetry-api-1.22.0.jar;C:\Users\tomis\.m2\repository\io\opentelemetry\opentelemetry-context\1.22.0\opentelemetry-context-1.22.0.jar;C:\Users\tomis\.m2\repository\io\opentelemetry\opentelemetry-exporter-logging\1.22.0\opentelemetry-exporter-logging-1.22.0.jar;C:\Users\tomis\.m2\repository\io\opentelemetry\opentelemetry-sdk-metrics\1.22.0\opentelemetry-sdk-metrics-1.22.0.jar;C:\Users\tomis\.m2\repository\io\opentelemetry\opentelemetry-sdk-logs\1.22.0-alpha\opentelemetry-sdk-logs-1.22.0-alpha.jar;C:\Users\tomis\.m2\repository\io\opentelemetry\opentelemetry-api-logs\1.22.0-alpha\opentelemetry-api-logs-1.22.0-alpha.jar;C:\Users\tomis\.m2\repository\io\opentelemetry\opentelemetry-sdk-common\1.22.0\opentelemetry-sdk-common-1.22.0.jar;C:\Users\tomis\.m2\repository\io\opentelemetry\opentelemetry-sdk-extension-autoconfigure-spi\1.22.0\opentelemetry-sdk-extension-autoconfigure-spi-1.22.0.jar;C:\Users\tomis\.m2\repository\io\opentelemetry\opentelemetry-sdk-extension-autoconfigure\1.22.0-alpha\opentelemetry-sdk-extension-autoconfigure-1.22.0-alpha.jar;C:\Users\tomis\.m2\repository\io\opentelemetry\opentelemetry-sdk-trace\1.22.0\opentelemetry-sdk-trace-1.22.0.jar;C:\Users\tomis\.m2\repository\io\opentelemetry\opentelemetry-sdk\1.22.0\opentelemetry-sdk-1.22.0.jar;C:\Users\tomis\.m2\repository\io\opentelemetry\opentelemetry-semconv\1.22.0-alpha\opentelemetry-semconv-1.22.0-alpha.jar;C:\Users\tomis\.m2\repository\io\ous\jtoml\2.0.0\jtoml-2.0.0.jar;C:\Users\tomis\.m2\repository\net\bytebuddy\byte-buddy\1.12.22\byte-buddy-1.12.22.jar;C:\Users\tomis\.m2\repository\org\apache\commons\commons-exec\1.3\commons-exec-1.3.jar;C:\Users\tomis\.m2\repository\org\asynchttpclient\async-http-client\2.12.3\async-http-client-2.12.3.jar;C:\Users\tomis\.m2\repository\org\asynchttpclient\async-http-client-netty-utils\2.12.3\async-http-client-netty-utils-2.12.3.jar;C:\Users\tomis\.m2\repository\io\netty\netty-codec-socks\4.1.60.Final\netty-codec-socks-4.1.60.Final.jar;C:\Users\tomis\.m2\repository\io\netty\netty-handler-proxy\4.1.60.Final\netty-handler-proxy-4.1.60.Final.jar;C:\Users\tomis\.m2\repository\io\netty\netty-transport-native-epoll\4.1.60.Final\netty-transport-native-epoll-4.1.60.Final-linux-x86_64.jar;C:\Users\tomis\.m2\repository\io\netty\netty-transport-native-kqueue\4.1.60.Final\netty-transport-native-kqueue-4.1.60.Final-osx-x86_64.jar;C:\Users\tomis\.m2\repository\org\reactivestreams\reactive-streams\1.0.3\reactive-streams-1.0.3.jar;C:\Users\tomis\.m2\repository\com\typesafe\netty\netty-reactive-streams\2.0.4\netty-reactive-streams-2.0.4.jar;C:\Users\tomis\.m2\repository\com\sun\activation\jakarta.activation\1.2.2\jakarta.activation-1.2.2.jar;C:\Users\tomis\.m2\repository\org\seleniumhq\selenium\selenium-manager\4.8.0\selenium-manager-4.8.0.jar;C:\Users\tomis\.m2\repository\org\seleniumhq\selenium\selenium-safari-driver\4.8.0\selenium-safari-driver-4.8.0.jar;C:\Users\tomis\.m2\repository\org\seleniumhq\selenium\selenium-support\4.8.0\selenium-support-4.8.0.jar;C:\Users\tomis\.m2\repository\org\testng\testng\7.7.1\testng-7.7.1.jar;C:\Users\tomis\.m2\repository\com\beust\jcommander\1.82\jcommander-1.82.jar;C:\Users\tomis\.m2\repository\org\webjars\jquery\3.6.1\jquery-3.6.1.jar;C:\Users\tomis\.m2\repository\org\slf4j\slf4j-api\1.7.5\slf4j-api-1.7.5.jar;C:\Users\tomis\.m2\repository\org\slf4j\slf4j-log4j12\1.7.5\slf4j-log4j12-1.7.5.jar;C:\Users\tomis\.m2\repository\log4j\log4j\1.2.17\log4j-1.2.17.jar;C:\Users\tomis\.m2\repository\org\apache\maven\plugins\maven-surefire-report-plugin\3.0.0-M8\maven-surefire-report-plugin-3.0.0-M8.jar;C:\Users\tomis\.m2\repository\org\apache\maven\surefire\surefire-report-parser\3.0.0-M8\surefire-report-parser-3.0.0-M8.jar;C:\Users\tomis\.m2\repository\org\apache\maven\surefire\surefire-logger-api\3.0.0-M8\surefire-logger-api-3.0.0-M8.jar;C:\Users\tomis\.m2\repository\org\apache\maven\doxia\doxia-sink-api\1.11.1\doxia-sink-api-1.11.1.jar;C:\Users\tomis\.m2\repository\org\apache\maven\doxia\doxia-logging-api\1.11.1\doxia-logging-api-1.11.1.jar;C:\Users\tomis\.m2\repository\org\apache\maven\doxia\doxia-core\1.11.1\doxia-core-1.11.1.jar;C:\Users\tomis\.m2\repository\org\codehaus\plexus\plexus-utils\3.3.0\plexus-utils-3.3.0.jar;C:\Users\tomis\.m2\repository\org\codehaus\plexus\plexus-container-default\2.1.0\plexus-container-default-2.1.0.jar;C:\Users\tomis\.m2\repository\org\codehaus\plexus\plexus-classworlds\2.6.0\plexus-classworlds-2.6.0.jar;C:\Users\tomis\.m2\repository\org\apache\xbean\xbean-reflect\3.7\xbean-reflect-3.7.jar;C:\Users\tomis\.m2\repository\com\google\collections\google-collections\1.0\google-collections-1.0.jar;C:\Users\tomis\.m2\repository\org\codehaus\plexus\plexus-component-annotations\2.1.0\plexus-component-annotations-2.1.0.jar;C:\Users\tomis\.m2\repository\org\apache\commons\commons-lang3\3.8.1\commons-lang3-3.8.1.jar;C:\Users\tomis\.m2\repository\org\apache\commons\commons-text\1.3\commons-text-1.3.jar;C:\Users\tomis\.m2\repository\org\apache\httpcomponents\httpcore\4.4.14\httpcore-4.4.14.jar;C:\Users\tomis\.m2\repository\org\apache\maven\reporting\maven-reporting-api\3.1.1\maven-reporting-api-3.1.1.jar;C:\Users\tomis\.m2\repository\org\apache\maven\reporting\maven-reporting-impl\3.2.0\maven-reporting-impl-3.2.0.jar;C:\Users\tomis\.m2\repository\org\apache\maven\maven-artifact\3.1.0\maven-artifact-3.1.0.jar;C:\Users\tomis\.m2\repository\org\apache\maven\doxia\doxia-decoration-model\1.11.1\doxia-decoration-model-1.11.1.jar;C:\Users\tomis\.m2\repository\org\apache\maven\doxia\doxia-integration-tools\1.11.1\doxia-integration-tools-1.11.1.jar;C:\Users\tomis\.m2\repository\org\apache\maven\maven-model\2.2.1\maven-model-2.2.1.jar;C:\Users\tomis\.m2\repository\org\codehaus\plexus\plexus-i18n\1.0-beta-10\plexus-i18n-1.0-beta-10.jar;C:\Users\tomis\.m2\repository\org\codehaus\plexus\plexus-interpolation\1.26\plexus-interpolation-1.26.jar;C:\Users\tomis\.m2\repository\org\apache\maven\doxia\doxia-site-renderer\1.11.1\doxia-site-renderer-1.11.1.jar;C:\Users\tomis\.m2\repository\org\apache\maven\doxia\doxia-skin-model\1.11.1\doxia-skin-model-1.11.1.jar;C:\Users\tomis\.m2\repository\org\apache\maven\doxia\doxia-module-xhtml\1.11.1\doxia-module-xhtml-1.11.1.jar;C:\Users\tomis\.m2\repository\org\apache\maven\doxia\doxia-module-xhtml5\1.11.1\doxia-module-xhtml5-1.11.1.jar;C:\Users\tomis\.m2\repository\org\codehaus\plexus\plexus-velocity\1.2\plexus-velocity-1.2.jar;C:\Users\tomis\.m2\repository\org\apache\velocity\velocity\1.7\velocity-1.7.jar;C:\Users\tomis\.m2\repository\commons-lang\commons-lang\2.4\commons-lang-2.4.jar;C:\Users\tomis\.m2\repository\org\apache\velocity\velocity-tools\2.0\velocity-tools-2.0.jar;C:\Users\tomis\.m2\repository\commons-beanutils\commons-beanutils\1.7.0\commons-beanutils-1.7.0.jar;C:\Users\tomis\.m2\repository\commons-digester\commons-digester\1.8\commons-digester-1.8.jar;C:\Users\tomis\.m2\repository\commons-chain\commons-chain\1.1\commons-chain-1.1.jar;C:\Users\tomis\.m2\repository\dom4j\dom4j\1.1\dom4j-1.1.jar;C:\Users\tomis\.m2\repository\oro\oro\2.0.8\oro-2.0.8.jar;C:\Users\tomis\.m2\repository\commons-collections\commons-collections\3.2.2\commons-collections-3.2.2.jar;C:\Users\tomis\.m2\repository\org\apache\maven\plugins\maven-compiler-plugin\3.10.1\maven-compiler-plugin-3.10.1.jar;C:\Users\tomis\.m2\repository\org\apache\maven\shared\maven-shared-utils\3.3.4\maven-shared-utils-3.3.4.jar;C:\Users\tomis\.m2\repository\commons-io\commons-io\2.6\commons-io-2.6.jar;C:\Users\tomis\.m2\repository\org\apache\maven\shared\maven-shared-incremental\1.1\maven-shared-incremental-1.1.jar;C:\Users\tomis\.m2\repository\org\codehaus\plexus\plexus-java\1.1.1\plexus-java-1.1.1.jar;C:\Users\tomis\.m2\repository\org\ow2\asm\asm\9.2\asm-9.2.jar;C:\Users\tomis\.m2\repository\com\thoughtworks\qdox\qdox\2.0.1\qdox-2.0.1.jar;C:\Users\tomis\.m2\repository\org\codehaus\plexus\plexus-compiler-api\2.11.1\plexus-compiler-api-2.11.1.jar;C:\Users\tomis\.m2\repository\org\codehaus\plexus\plexus-compiler-manager\2.11.1\plexus-compiler-manager-2.11.1.jar;C:\Users\tomis\.m2\repository\org\codehaus\plexus\plexus-compiler-javac\2.11.1\plexus-compiler-javac-2.11.1.jar;C:\Users\tomis\.m2\repository\io\rest-assured\rest-assured\5.3.0\rest-assured-5.3.0.jar;C:\Users\tomis\.m2\repository\org\apache\groovy\groovy\4.0.6\groovy-4.0.6.jar;C:\Users\tomis\.m2\repository\org\apache\groovy\groovy-xml\4.0.6\groovy-xml-4.0.6.jar;C:\Users\tomis\.m2\repository\org\apache\httpcomponents\httpclient\4.5.13\httpclient-4.5.13.jar;C:\Users\tomis\.m2\repository\commons-logging\commons-logging\1.2\commons-logging-1.2.jar;C:\Users\tomis\.m2\repository\commons-codec\commons-codec\1.11\commons-codec-1.11.jar;C:\Users\tomis\.m2\repository\org\apache\httpcomponents\httpmime\4.5.13\httpmime-4.5.13.jar;C:\Users\tomis\.m2\repository\org\hamcrest\hamcrest\2.1\hamcrest-2.1.jar;C:\Users\tomis\.m2\repository\org\ccil\cowan\tagsoup\tagsoup\1.2.1\tagsoup-1.2.1.jar;C:\Users\tomis\.m2\repository\io\rest-assured\json-path\5.3.0\json-path-5.3.0.jar;C:\Users\tomis\.m2\repository\org\apache\groovy\groovy-json\4.0.6\groovy-json-4.0.6.jar;C:\Users\tomis\.m2\repository\io\rest-assured\rest-assured-common\5.3.0\rest-assured-common-5.3.0.jar;C:\Users\tomis\.m2\repository\io\rest-assured\xml-path\5.3.0\xml-path-5.3.0.jar;"/>
    <property name="java.vm.vendor" value="Oracle Corporation"/>
    <property name="sun.arch.data.model" value="64"/>
    <property name="user.variant" value=""/>
    <property name="java.vendor.url" value="https://java.oracle.com/"/>
    <property name="user.timezone" value="Europe/Zagreb"/>
    <property name="os.name" value="Windows 11"/>
    <property name="java.vm.specification.version" value="19"/>
    <property name="sun.java.launcher" value="SUN_STANDARD"/>
    <property name="user.country" value="HR"/>
    <property name="sun.boot.library.path" value="F:\IntelliJJDK\bin"/>
    <property name="sun.java.command" value="C:\Users\tomis\AppData\Local\Temp\surefire2325079540436401819\surefirebooter7489164370350098772.jar C:\Users\tomis\AppData\Local\Temp\surefire2325079540436401819 2023-02-05T01-24-25_296-jvmRun1 surefire18176104021465851259tmp surefire_010706924547532225778tmp"/>
    <property name="jdk.debug" value="release"/>
    <property name="surefire.test.class.path" value="F:\TestProjektSelenium\target\test-classes;F:\TestProjektSelenium\target\classes;C:\Users\tomis\.m2\repository\org\seleniumhq\selenium\selenium-java\4.8.0\selenium-java-4.8.0.jar;C:\Users\tomis\.m2\repository\org\seleniumhq\selenium\selenium-api\4.8.0\selenium-api-4.8.0.jar;C:\Users\tomis\.m2\repository\org\seleniumhq\selenium\selenium-chrome-driver\4.8.0\selenium-chrome-driver-4.8.0.jar;C:\Users\tomis\.m2\repository\com\google\auto\service\auto-service-annotations\1.0.1\auto-service-annotations-1.0.1.jar;C:\Users\tomis\.m2\repository\com\google\auto\service\auto-service\1.0.1\auto-service-1.0.1.jar;C:\Users\tomis\.m2\repository\com\google\auto\auto-common\1.2\auto-common-1.2.jar;C:\Users\tomis\.m2\repository\com\google\guava\guava\31.1-jre\guava-31.1-jre.jar;C:\Users\tomis\.m2\repository\com\google\guava\failureaccess\1.0.1\failureaccess-1.0.1.jar;C:\Users\tomis\.m2\repository\com\google\guava\listenablefuture\9999.0-empty-to-avoid-conflict-with-guava\listenablefuture-9999.0-empty-to-avoid-conflict-with-guava.jar;C:\Users\tomis\.m2\repository\com\google\code\findbugs\jsr305\3.0.2\jsr305-3.0.2.jar;C:\Users\tomis\.m2\repository\org\checkerframework\checker-qual\3.12.0\checker-qual-3.12.0.jar;C:\Users\tomis\.m2\repository\com\google\errorprone\error_prone_annotations\2.11.0\error_prone_annotations-2.11.0.jar;C:\Users\tomis\.m2\repository\com\google\j2objc\j2objc-annotations\1.3\j2objc-annotations-1.3.jar;C:\Users\tomis\.m2\repository\org\seleniumhq\selenium\selenium-chromium-driver\4.8.0\selenium-chromium-driver-4.8.0.jar;C:\Users\tomis\.m2\repository\org\seleniumhq\selenium\selenium-json\4.8.0\selenium-json-4.8.0.jar;C:\Users\tomis\.m2\repository\org\seleniumhq\selenium\selenium-devtools-v107\4.8.0\selenium-devtools-v107-4.8.0.jar;C:\Users\tomis\.m2\repository\org\seleniumhq\selenium\selenium-devtools-v108\4.8.0\selenium-devtools-v108-4.8.0.jar;C:\Users\tomis\.m2\repository\org\seleniumhq\selenium\selenium-devtools-v109\4.8.0\selenium-devtools-v109-4.8.0.jar;C:\Users\tomis\.m2\repository\org\seleniumhq\selenium\selenium-devtools-v85\4.8.0\selenium-devtools-v85-4.8.0.jar;C:\Users\tomis\.m2\repository\org\seleniumhq\selenium\selenium-edge-driver\4.8.0\selenium-edge-driver-4.8.0.jar;C:\Users\tomis\.m2\repository\org\seleniumhq\selenium\selenium-firefox-driver\4.8.0\selenium-firefox-driver-4.8.0.jar;C:\Users\tomis\.m2\repository\org\seleniumhq\selenium\selenium-http\4.8.0\selenium-http-4.8.0.jar;C:\Users\tomis\.m2\repository\dev\failsafe\failsafe\3.3.0\failsafe-3.3.0.jar;C:\Users\tomis\.m2\repository\org\seleniumhq\selenium\selenium-ie-driver\4.8.0\selenium-ie-driver-4.8.0.jar;C:\Users\tomis\.m2\repository\org\seleniumhq\selenium\selenium-remote-driver\4.8.0\selenium-remote-driver-4.8.0.jar;C:\Users\tomis\.m2\repository\io\netty\netty-buffer\4.1.87.Final\netty-buffer-4.1.87.Final.jar;C:\Users\tomis\.m2\repository\io\netty\netty-codec-http\4.1.87.Final\netty-codec-http-4.1.87.Final.jar;C:\Users\tomis\.m2\repository\io\netty\netty-codec\4.1.87.Final\netty-codec-4.1.87.Final.jar;C:\Users\tomis\.m2\repository\io\netty\netty-handler\4.1.87.Final\netty-handler-4.1.87.Final.jar;C:\Users\tomis\.m2\repository\io\netty\netty-common\4.1.87.Final\netty-common-4.1.87.Final.jar;C:\Users\tomis\.m2\repository\io\netty\netty-transport-classes-epoll\4.1.87.Final\netty-transport-classes-epoll-4.1.87.Final.jar;C:\Users\tomis\.m2\repository\io\netty\netty-transport-classes-kqueue\4.1.87.Final\netty-transport-classes-kqueue-4.1.87.Final.jar;C:\Users\tomis\.m2\repository\io\netty\netty-transport-native-epoll\4.1.87.Final\netty-transport-native-epoll-4.1.87.Final.jar;C:\Users\tomis\.m2\repository\io\netty\netty-transport-native-kqueue\4.1.87.Final\netty-transport-native-kqueue-4.1.87.Final.jar;C:\Users\tomis\.m2\repository\io\netty\netty-transport-native-unix-common\4.1.87.Final\netty-transport-native-unix-common-4.1.87.Final.jar;C:\Users\tomis\.m2\repository\io\netty\netty-transport\4.1.87.Final\netty-transport-4.1.87.Final.jar;C:\Users\tomis\.m2\repository\io\netty\netty-resolver\4.1.87.Final\netty-resolver-4.1.87.Final.jar;C:\Users\tomis\.m2\repository\io\opentelemetry\opentelemetry-api\1.22.0\opentelemetry-api-1.22.0.jar;C:\Users\tomis\.m2\repository\io\opentelemetry\opentelemetry-context\1.22.0\opentelemetry-context-1.22.0.jar;C:\Users\tomis\.m2\repository\io\opentelemetry\opentelemetry-exporter-logging\1.22.0\opentelemetry-exporter-logging-1.22.0.jar;C:\Users\tomis\.m2\repository\io\opentelemetry\opentelemetry-sdk-metrics\1.22.0\opentelemetry-sdk-metrics-1.22.0.jar;C:\Users\tomis\.m2\repository\io\opentelemetry\opentelemetry-sdk-logs\1.22.0-alpha\opentelemetry-sdk-logs-1.22.0-alpha.jar;C:\Users\tomis\.m2\repository\io\opentelemetry\opentelemetry-api-logs\1.22.0-alpha\opentelemetry-api-logs-1.22.0-alpha.jar;C:\Users\tomis\.m2\repository\io\opentelemetry\opentelemetry-sdk-common\1.22.0\opentelemetry-sdk-common-1.22.0.jar;C:\Users\tomis\.m2\repository\io\opentelemetry\opentelemetry-sdk-extension-autoconfigure-spi\1.22.0\opentelemetry-sdk-extension-autoconfigure-spi-1.22.0.jar;C:\Users\tomis\.m2\repository\io\opentelemetry\opentelemetry-sdk-extension-autoconfigure\1.22.0-alpha\opentelemetry-sdk-extension-autoconfigure-1.22.0-alpha.jar;C:\Users\tomis\.m2\repository\io\opentelemetry\opentelemetry-sdk-trace\1.22.0\opentelemetry-sdk-trace-1.22.0.jar;C:\Users\tomis\.m2\repository\io\opentelemetry\opentelemetry-sdk\1.22.0\opentelemetry-sdk-1.22.0.jar;C:\Users\tomis\.m2\repository\io\opentelemetry\opentelemetry-semconv\1.22.0-alpha\opentelemetry-semconv-1.22.0-alpha.jar;C:\Users\tomis\.m2\repository\io\ous\jtoml\2.0.0\jtoml-2.0.0.jar;C:\Users\tomis\.m2\repository\net\bytebuddy\byte-buddy\1.12.22\byte-buddy-1.12.22.jar;C:\Users\tomis\.m2\repository\org\apache\commons\commons-exec\1.3\commons-exec-1.3.jar;C:\Users\tomis\.m2\repository\org\asynchttpclient\async-http-client\2.12.3\async-http-client-2.12.3.jar;C:\Users\tomis\.m2\repository\org\asynchttpclient\async-http-client-netty-utils\2.12.3\async-http-client-netty-utils-2.12.3.jar;C:\Users\tomis\.m2\repository\io\netty\netty-codec-socks\4.1.60.Final\netty-codec-socks-4.1.60.Final.jar;C:\Users\tomis\.m2\repository\io\netty\netty-handler-proxy\4.1.60.Final\netty-handler-proxy-4.1.60.Final.jar;C:\Users\tomis\.m2\repository\io\netty\netty-transport-native-epoll\4.1.60.Final\netty-transport-native-epoll-4.1.60.Final-linux-x86_64.jar;C:\Users\tomis\.m2\repository\io\netty\netty-transport-native-kqueue\4.1.60.Final\netty-transport-native-kqueue-4.1.60.Final-osx-x86_64.jar;C:\Users\tomis\.m2\repository\org\reactivestreams\reactive-streams\1.0.3\reactive-streams-1.0.3.jar;C:\Users\tomis\.m2\repository\com\typesafe\netty\netty-reactive-streams\2.0.4\netty-reactive-streams-2.0.4.jar;C:\Users\tomis\.m2\repository\com\sun\activation\jakarta.activation\1.2.2\jakarta.activation-1.2.2.jar;C:\Users\tomis\.m2\repository\org\seleniumhq\selenium\selenium-manager\4.8.0\selenium-manager-4.8.0.jar;C:\Users\tomis\.m2\repository\org\seleniumhq\selenium\selenium-safari-driver\4.8.0\selenium-safari-driver-4.8.0.jar;C:\Users\tomis\.m2\repository\org\seleniumhq\selenium\selenium-support\4.8.0\selenium-support-4.8.0.jar;C:\Users\tomis\.m2\repository\org\testng\testng\7.7.1\testng-7.7.1.jar;C:\Users\tomis\.m2\repository\com\beust\jcommander\1.82\jcommander-1.82.jar;C:\Users\tomis\.m2\repository\org\webjars\jquery\3.6.1\jquery-3.6.1.jar;C:\Users\tomis\.m2\repository\org\slf4j\slf4j-api\1.7.5\slf4j-api-1.7.5.jar;C:\Users\tomis\.m2\repository\org\slf4j\slf4j-log4j12\1.7.5\slf4j-log4j12-1.7.5.jar;C:\Users\tomis\.m2\repository\log4j\log4j\1.2.17\log4j-1.2.17.jar;C:\Users\tomis\.m2\repository\org\apache\maven\plugins\maven-surefire-report-plugin\3.0.0-M8\maven-surefire-report-plugin-3.0.0-M8.jar;C:\Users\tomis\.m2\repository\org\apache\maven\surefire\surefire-report-parser\3.0.0-M8\surefire-report-parser-3.0.0-M8.jar;C:\Users\tomis\.m2\repository\org\apache\maven\surefire\surefire-logger-api\3.0.0-M8\surefire-logger-api-3.0.0-M8.jar;C:\Users\tomis\.m2\repository\org\apache\maven\doxia\doxia-sink-api\1.11.1\doxia-sink-api-1.11.1.jar;C:\Users\tomis\.m2\repository\org\apache\maven\doxia\doxia-logging-api\1.11.1\doxia-logging-api-1.11.1.jar;C:\Users\tomis\.m2\repository\org\apache\maven\doxia\doxia-core\1.11.1\doxia-core-1.11.1.jar;C:\Users\tomis\.m2\repository\org\codehaus\plexus\plexus-utils\3.3.0\plexus-utils-3.3.0.jar;C:\Users\tomis\.m2\repository\org\codehaus\plexus\plexus-container-default\2.1.0\plexus-container-default-2.1.0.jar;C:\Users\tomis\.m2\repository\org\codehaus\plexus\plexus-classworlds\2.6.0\plexus-classworlds-2.6.0.jar;C:\Users\tomis\.m2\repository\org\apache\xbean\xbean-reflect\3.7\xbean-reflect-3.7.jar;C:\Users\tomis\.m2\repository\com\google\collections\google-collections\1.0\google-collections-1.0.jar;C:\Users\tomis\.m2\repository\org\codehaus\plexus\plexus-component-annotations\2.1.0\plexus-component-annotations-2.1.0.jar;C:\Users\tomis\.m2\repository\org\apache\commons\commons-lang3\3.8.1\commons-lang3-3.8.1.jar;C:\Users\tomis\.m2\repository\org\apache\commons\commons-text\1.3\commons-text-1.3.jar;C:\Users\tomis\.m2\repository\org\apache\httpcomponents\httpcore\4.4.14\httpcore-4.4.14.jar;C:\Users\tomis\.m2\repository\org\apache\maven\reporting\maven-reporting-api\3.1.1\maven-reporting-api-3.1.1.jar;C:\Users\tomis\.m2\repository\org\apache\maven\reporting\maven-reporting-impl\3.2.0\maven-reporting-impl-3.2.0.jar;C:\Users\tomis\.m2\repository\org\apache\maven\maven-artifact\3.1.0\maven-artifact-3.1.0.jar;C:\Users\tomis\.m2\repository\org\apache\maven\doxia\doxia-decoration-model\1.11.1\doxia-decoration-model-1.11.1.jar;C:\Users\tomis\.m2\repository\org\apache\maven\doxia\doxia-integration-tools\1.11.1\doxia-integration-tools-1.11.1.jar;C:\Users\tomis\.m2\repository\org\apache\maven\maven-model\2.2.1\maven-model-2.2.1.jar;C:\Users\tomis\.m2\repository\org\codehaus\plexus\plexus-i18n\1.0-beta-10\plexus-i18n-1.0-beta-10.jar;C:\Users\tomis\.m2\repository\org\codehaus\plexus\plexus-interpolation\1.26\plexus-interpolation-1.26.jar;C:\Users\tomis\.m2\repository\org\apache\maven\doxia\doxia-site-renderer\1.11.1\doxia-site-renderer-1.11.1.jar;C:\Users\tomis\.m2\repository\org\apache\maven\doxia\doxia-skin-model\1.11.1\doxia-skin-model-1.11.1.jar;C:\Users\tomis\.m2\repository\org\apache\maven\doxia\doxia-module-xhtml\1.11.1\doxia-module-xhtml-1.11.1.jar;C:\Users\tomis\.m2\repository\org\apache\maven\doxia\doxia-module-xhtml5\1.11.1\doxia-module-xhtml5-1.11.1.jar;C:\Users\tomis\.m2\repository\org\codehaus\plexus\plexus-velocity\1.2\plexus-velocity-1.2.jar;C:\Users\tomis\.m2\repository\org\apache\velocity\velocity\1.7\velocity-1.7.jar;C:\Users\tomis\.m2\repository\commons-lang\commons-lang\2.4\commons-lang-2.4.jar;C:\Users\tomis\.m2\repository\org\apache\velocity\velocity-tools\2.0\velocity-tools-2.0.jar;C:\Users\tomis\.m2\repository\commons-beanutils\commons-beanutils\1.7.0\commons-beanutils-1.7.0.jar;C:\Users\tomis\.m2\repository\commons-digester\commons-digester\1.8\commons-digester-1.8.jar;C:\Users\tomis\.m2\repository\commons-chain\commons-chain\1.1\commons-chain-1.1.jar;C:\Users\tomis\.m2\repository\dom4j\dom4j\1.1\dom4j-1.1.jar;C:\Users\tomis\.m2\repository\oro\oro\2.0.8\oro-2.0.8.jar;C:\Users\tomis\.m2\repository\commons-collections\commons-collections\3.2.2\commons-collections-3.2.2.jar;C:\Users\tomis\.m2\repository\org\apache\maven\plugins\maven-compiler-plugin\3.10.1\maven-compiler-plugin-3.10.1.jar;C:\Users\tomis\.m2\repository\org\apache\maven\shared\maven-shared-utils\3.3.4\maven-shared-utils-3.3.4.jar;C:\Users\tomis\.m2\repository\commons-io\commons-io\2.6\commons-io-2.6.jar;C:\Users\tomis\.m2\repository\org\apache\maven\shared\maven-shared-incremental\1.1\maven-shared-incremental-1.1.jar;C:\Users\tomis\.m2\repository\org\codehaus\plexus\plexus-java\1.1.1\plexus-java-1.1.1.jar;C:\Users\tomis\.m2\repository\org\ow2\asm\asm\9.2\asm-9.2.jar;C:\Users\tomis\.m2\repository\com\thoughtworks\qdox\qdox\2.0.1\qdox-2.0.1.jar;C:\Users\tomis\.m2\repository\org\codehaus\plexus\plexus-compiler-api\2.11.1\plexus-compiler-api-2.11.1.jar;C:\Users\tomis\.m2\repository\org\codehaus\plexus\plexus-compiler-manager\2.11.1\plexus-compiler-manager-2.11.1.jar;C:\Users\tomis\.m2\repository\org\codehaus\plexus\plexus-compiler-javac\2.11.1\plexus-compiler-javac-2.11.1.jar;C:\Users\tomis\.m2\repository\io\rest-assured\rest-assured\5.3.0\rest-assured-5.3.0.jar;C:\Users\tomis\.m2\repository\org\apache\groovy\groovy\4.0.6\groovy-4.0.6.jar;C:\Users\tomis\.m2\repository\org\apache\groovy\groovy-xml\4.0.6\groovy-xml-4.0.6.jar;C:\Users\tomis\.m2\repository\org\apache\httpcomponents\httpclient\4.5.13\httpclient-4.5.13.jar;C:\Users\tomis\.m2\repository\commons-logging\commons-logging\1.2\commons-logging-1.2.jar;C:\Users\tomis\.m2\repository\commons-codec\commons-codec\1.11\commons-codec-1.11.jar;C:\Users\tomis\.m2\repository\org\apache\httpcomponents\httpmime\4.5.13\httpmime-4.5.13.jar;C:\Users\tomis\.m2\repository\org\hamcrest\hamcrest\2.1\hamcrest-2.1.jar;C:\Users\tomis\.m2\repository\org\ccil\cowan\tagsoup\tagsoup\1.2.1\tagsoup-1.2.1.jar;C:\Users\tomis\.m2\repository\io\rest-assured\json-path\5.3.0\json-path-5.3.0.jar;C:\Users\tomis\.m2\repository\org\apache\groovy\groovy-json\4.0.6\groovy-json-4.0.6.jar;C:\Users\tomis\.m2\repository\io\rest-assured\rest-assured-common\5.3.0\rest-assured-common-5.3.0.jar;C:\Users\tomis\.m2\repository\io\rest-assured\xml-path\5.3.0\xml-path-5.3.0.jar;"/>
    <property name="sun.cpu.endian" value="little"/>
    <property name="user.home" value="C:\Users\tomis"/>
    <property name="user.language" value="hr"/>
    <property name="java.specification.vendor" value="Oracle Corporation"/>
    <property name="java.version.date" value="2023-01-17"/>
    <property name="java.home" value="F:\IntelliJJDK"/>
    <property name="file.separator" value="\"/>
    <property name="basedir" value="F:\TestProjektSelenium"/>
    <property name="java.vm.compressedOopsMode" value="Zero based"/>
    <property name="line.separator" value="&#10;"/>
    <property name="java.vm.specification.vendor" value="Oracle Corporation"/>
    <property name="java.specification.name" value="Java Platform API Specification"/>
    <property name="surefire.real.class.path" value="C:\Users\tomis\AppData\Local\Temp\surefire2325079540436401819\surefirebooter7489164370350098772.jar"/>
    <property name="user.script" value=""/>
    <property name="sun.management.compiler" value="HotSpot 64-Bit Tiered Compilers"/>
    <property name="java.runtime.version" value="19.0.2+7-44"/>
    <property name="user.name" value="tomis"/>
    <property name="stdout.encoding" value="Cp1250"/>
    <property name="path.separator" value=";"/>
    <property name="os.version" value="10.0"/>
    <property name="java.runtime.name" value="OpenJDK Runtime Environment"/>
    <property name="file.encoding" value="UTF-8"/>
    <property name="java.vm.name" value="OpenJDK 64-Bit Server VM"/>
    <property name="localRepository" value="C:\Users\tomis\.m2\repository"/>
    <property name="java.vendor.url.bug" value="https://bugreport.java.com/bugreport/"/>
    <property name="java.io.tmpdir" value="C:\Users\tomis\AppData\Local\Temp\"/>
    <property name="idea.version" value="2021.3.1"/>
    <property name="java.version" value="19.0.2"/>
    <property name="user.dir" value="F:\TestProjektSelenium"/>
    <property name="os.arch" value="amd64"/>
    <property name="java.vm.specification.name" value="Java Virtual Machine Specification"/>
    <property name="sun.os.patch.level" value=""/>
    <property name="native.encoding" value="Cp1250"/>
    <property name="java.library.path" value="F:\IntelliJJDK\bin;C:\WINDOWS\Sun\Java\bin;C:\WINDOWS\system32;C:\WINDOWS;C:\Program Files\Microsoft MPI\Bin\;C:\Program Files (x86)\Common Files\Oracle\Java\javapath;C:\ProgramData\Oracle\Java\javapath;C:\Windows\system32;C:\Windows;C:\Windows\System32\Wbem;C:\Windows\System32\WindowsPowerShell\v1.0\;C:\Windows\System32\OpenSSH\;C:\Program Files\NVIDIA Corporation\NVIDIA NvDLISR;C:\Program Files\dotnet\;E:\Git\cmd;G:\MathLab\runtime\win64;G:\MathLab\bin;C:\Program Files (x86)\NVIDIA Corporation\PhysX\Common;C:\WINDOWS\system32;C:\WINDOWS;C:\WINDOWS\System32\Wbem;C:\WINDOWS\System32\WindowsPowerShell\v1.0\;C:\WINDOWS\System32\OpenSSH\;C:\Program Files\Microsoft MPI\Bin\;C:\Program Files (x86)\Common Files\Oracle\Java\javapath;C:\ProgramData\Oracle\Java\javapath;C:\Windows\system32;C:\Windows;C:\Windows\System32\Wbem;C:\Windows\System32\WindowsPowerShell\v1.0\;C:\Windows\System32\OpenSSH\;C:\Program Files\NVIDIA Corporation\NVIDIA NvDLISR;C:\Program Files\dotnet\;E:\Git\cmd;G:\MathLab\runtime\win64;G:\MathLab\bin;C:\Program Files (x86)\NVIDIA Corporation\PhysX\Common;C:\WINDOWS\system32;C:\WINDOWS;C:\WINDOWS\System32\Wbem;C:\WINDOWS\System32\WindowsPowerShell\v1.0\;C:\WINDOWS\System32\OpenSSH\;C:\Users\tomis\AppData\Local\Programs\Python\Python39\Scripts\;C:\Users\tomis\AppData\Local\Programs\Python\Python39\;C:\Users\tomis\AppData\Local\Microsoft\WindowsApps;C:\Users\tomis\.dotnet\tools;C:\Users\tomis\AppData\Local\GitHubDesktop\bin;C:\Users\tomis\AppData\Local\Programs\Microsoft VS Code\bin;G:\IntelliJ\IntelliJ IDEA 2021.3.1\bin;F:\ChromeDriver\chromedriver_win32;F:\ChromeDriver\chromedriver_win32;;."/>
    <property name="java.vm.info" value="mixed mode, sharing"/>
    <property name="stderr.encoding" value="Cp1250"/>
    <property name="java.vendor" value="Oracle Corporation"/>
    <property name="java.vm.version" value="19.0.2+7-44"/>
    <property name="sun.io.unicode.encoding" value="UnicodeLittle"/>
    <property name="java.class.version" value="63.0"/>
  </properties>
  <testcase name="googleSearchTest" classname="FirstTest" time="0.215">
    <failure message="element not interactable&#10;  (Session info: chrome=109.0.5414.120)&#10;Build info: version: &apos;4.8.0&apos;, revision: &apos;267030adea&apos;&#10;System info: os.name: &apos;Windows 11&apos;, os.arch: &apos;amd64&apos;, os.version: &apos;10.0&apos;, java.version: &apos;19.0.2&apos;&#10;Driver info: org.openqa.selenium.chrome.ChromeDriver&#10;Command: [9e7f88c67a9153a2cd055acbef284843, sendKeysToElement {id=044ee768-3e07-4e68-84ff-238c99f0f761, value=[Ljava.lang.CharSequence;@aced190}]&#10;Capabilities {acceptInsecureCerts: false, browserName: chrome, browserVersion: 109.0.5414.120, chrome: {chromedriverVersion: 109.0.5414.74 (e7c5703604da..., userDataDir: C:\Users\tomis\AppData\Loca...}, goog:chromeOptions: {debuggerAddress: localhost:54372}, networkConnectionEnabled: false, pageLoadStrategy: normal, platformName: WINDOWS, proxy: Proxy(), se:cdp: ws://localhost:54372/devtoo..., se:cdpVersion: 109.0.5414.120, setWindowRect: true, strictFileInteractability: false, timeouts: {implicit: 0, pageLoad: 300000, script: 30000}, unhandledPromptBehavior: dismiss and notify, webauthn:extension:credBlob: true, webauthn:extension:largeBlob: true, webauthn:virtualAuthenticators: true}&#10;Element: [[ChromeDriver: chrome on WINDOWS (9e7f88c67a9153a2cd055acbef284843)] -&gt; name: q]&#10;Session ID: 9e7f88c67a9153a2cd055acbef284843" type="org.openqa.selenium.ElementNotInteractableException">org.openqa.selenium.ElementNotInteractableException: 
element not interactable
  (Session info: chrome=109.0.5414.120)
Build info: version: '4.8.0', revision: '267030adea'
System info: os.name: 'Windows 11', os.arch: 'amd64', os.version: '10.0', java.version: '19.0.2'
Driver info: org.openqa.selenium.chrome.ChromeDriver
Command: [9e7f88c67a9153a2cd055acbef284843, sendKeysToElement {id=044ee768-3e07-4e68-84ff-238c99f0f761, value=[Ljava.lang.CharSequence;@aced190}]
Capabilities {acceptInsecureCerts: false, browserName: chrome, browserVersion: 109.0.5414.120, chrome: {chromedriverVersion: 109.0.5414.74 (e7c5703604da..., userDataDir: C:\Users\tomis\AppData\Loca...}, goog:chromeOptions: {debuggerAddress: localhost:54372}, networkConnectionEnabled: false, pageLoadStrategy: normal, platformName: WINDOWS, proxy: Proxy(), se:cdp: ws://localhost:54372/devtoo..., se:cdpVersion: 109.0.5414.120, setWindowRect: true, strictFileInteractability: false, timeouts: {implicit: 0, pageLoad: 300000, script: 30000}, unhandledPromptBehavior: dismiss and notify, webauthn:extension:credBlob: true, webauthn:extension:largeBlob: true, webauthn:virtualAuthenticators: true}
Element: [[ChromeDriver: chrome on WINDOWS (9e7f88c67a9153a2cd055acbef284843)] -> name: q]
Session ID: 9e7f88c67a9153a2cd055acbef284843
	at FirstTest.googleSearchTest(FirstTest.java:29)
</failure>
    <system-out><![CDATA[2023-02-05 01:24:27 DEBUG TestNG:82 - suiteXmlPath: "F:\TestProjektSelenium\testng.xml"
2023-02-05 01:24:28 DEBUG InternalLoggerFactory:63 - Using SLF4J as the default logging framework
2023-02-05 01:24:28 DEBUG ResourceLeakDetector:129 - -Dio.netty.leakDetection.level: simple
2023-02-05 01:24:28 DEBUG ResourceLeakDetector:130 - -Dio.netty.leakDetection.targetRecords: 4
2023-02-05 01:24:28 DEBUG ResourceLeakDetectorFactory:196 - Loaded default ResourceLeakDetector: io.netty.util.ResourceLeakDetector@7283d3eb
2023-02-05 01:24:28 DEBUG PlatformDependent0:496 - -Dio.netty.noUnsafe: false
2023-02-05 01:24:28 DEBUG PlatformDependent0:1000 - Java version: 19
2023-02-05 01:24:28 DEBUG PlatformDependent0:137 - sun.misc.Unsafe.theUnsafe: available
2023-02-05 01:24:28 DEBUG PlatformDependent0:161 - sun.misc.Unsafe.copyMemory: available
2023-02-05 01:24:28 DEBUG PlatformDependent0:193 - sun.misc.Unsafe.storeFence: available
2023-02-05 01:24:28 DEBUG PlatformDependent0:236 - java.nio.Buffer.address: available
2023-02-05 01:24:28 DEBUG PlatformDependent0:320 - direct buffer constructor: unavailable: Reflective setAccessible(true) disabled
2023-02-05 01:24:28 DEBUG PlatformDependent0:385 - java.nio.Bits.unaligned: available, true
2023-02-05 01:24:28 DEBUG PlatformDependent0:452 - jdk.internal.misc.Unsafe.allocateUninitializedArray(int): unavailable: class io.netty.util.internal.PlatformDependent0$7 cannot access class jdk.internal.misc.Unsafe (in module java.base) because module java.base does not export jdk.internal.misc to unnamed module @74e52303
2023-02-05 01:24:28 DEBUG PlatformDependent0:482 - java.nio.DirectByteBuffer.<init>(long, int): unavailable
2023-02-05 01:24:28 DEBUG PlatformDependent:1159 - sun.misc.Unsafe: available
2023-02-05 01:24:28 DEBUG PlatformDependent:1270 - maxDirectMemory: 4250927104 bytes (maybe)
2023-02-05 01:24:28 DEBUG PlatformDependent:1289 - -Dio.netty.tmpdir: C:\Users\tomis\AppData\Local\Temp (java.io.tmpdir)
2023-02-05 01:24:28 DEBUG PlatformDependent:1368 - -Dio.netty.bitMode: 64 (sun.arch.data.model)
2023-02-05 01:24:28 DEBUG PlatformDependent:1119 - Platform: Windows
2023-02-05 01:24:28 DEBUG PlatformDependent:178 - -Dio.netty.maxDirectMemory: -1 bytes
2023-02-05 01:24:28 DEBUG PlatformDependent:185 - -Dio.netty.uninitializedArrayAllocationThreshold: -1
2023-02-05 01:24:28 DEBUG CleanerJava9:71 - java.nio.ByteBuffer.cleaner(): available
2023-02-05 01:24:28 DEBUG PlatformDependent:205 - -Dio.netty.noPreferDirect: false
2023-02-05 01:24:28 DEBUG PlatformDependent:1010 - org.jctools-core.MpscChunkedArrayQueue: available
2023-02-05 01:24:28 DEBUG InternalThreadLocalMap:100 - -Dio.netty.threadLocalMap.stringBuilder.initialSize: 1024
2023-02-05 01:24:28 DEBUG InternalThreadLocalMap:101 - -Dio.netty.threadLocalMap.stringBuilder.maxSize: 4096
2023-02-05 01:24:28 DEBUG JdkSslContext:83 - Default protocols (JDK): [TLSv1.3, TLSv1.2] 
2023-02-05 01:24:28 DEBUG JdkSslContext:84 - Default cipher suites (JDK): [TLS_ECDHE_ECDSA_WITH_AES_256_GCM_SHA384, TLS_ECDHE_ECDSA_WITH_AES_128_GCM_SHA256, TLS_ECDHE_RSA_WITH_AES_128_GCM_SHA256, TLS_ECDHE_RSA_WITH_AES_256_GCM_SHA384, TLS_ECDHE_RSA_WITH_AES_128_CBC_SHA, TLS_ECDHE_RSA_WITH_AES_256_CBC_SHA, TLS_RSA_WITH_AES_128_GCM_SHA256, TLS_RSA_WITH_AES_128_CBC_SHA, TLS_RSA_WITH_AES_256_CBC_SHA, TLS_AES_128_GCM_SHA256, TLS_AES_256_GCM_SHA384]
2023-02-05 01:24:28 DEBUG MultithreadEventLoopGroup:44 - -Dio.netty.eventLoopThreads: 24
2023-02-05 01:24:28 DEBUG NioEventLoop:110 - -Dio.netty.noKeySetOptimization: false
2023-02-05 01:24:28 DEBUG NioEventLoop:111 - -Dio.netty.selectorAutoRebuildThreshold: 512
2023-02-05 01:24:28 DEBUG PooledByteBufAllocator:157 - -Dio.netty.allocator.numHeapArenas: 24
2023-02-05 01:24:28 DEBUG PooledByteBufAllocator:158 - -Dio.netty.allocator.numDirectArenas: 24
2023-02-05 01:24:28 DEBUG PooledByteBufAllocator:160 - -Dio.netty.allocator.pageSize: 8192
2023-02-05 01:24:28 DEBUG PooledByteBufAllocator:165 - -Dio.netty.allocator.maxOrder: 9
2023-02-05 01:24:28 DEBUG PooledByteBufAllocator:169 - -Dio.netty.allocator.chunkSize: 4194304
2023-02-05 01:24:28 DEBUG PooledByteBufAllocator:170 - -Dio.netty.allocator.smallCacheSize: 256
2023-02-05 01:24:28 DEBUG PooledByteBufAllocator:171 - -Dio.netty.allocator.normalCacheSize: 64
2023-02-05 01:24:28 DEBUG PooledByteBufAllocator:172 - -Dio.netty.allocator.maxCachedBufferCapacity: 32768
2023-02-05 01:24:28 DEBUG PooledByteBufAllocator:173 - -Dio.netty.allocator.cacheTrimInterval: 8192
2023-02-05 01:24:28 DEBUG PooledByteBufAllocator:174 - -Dio.netty.allocator.cacheTrimIntervalMillis: 0
2023-02-05 01:24:28 DEBUG PooledByteBufAllocator:175 - -Dio.netty.allocator.useCacheForAllThreads: false
2023-02-05 01:24:28 DEBUG PooledByteBufAllocator:176 - -Dio.netty.allocator.maxCachedByteBuffersPerChunk: 1023
2023-02-05 01:24:28 DEBUG ByteBufUtil:87 - -Dio.netty.allocator.type: pooled
2023-02-05 01:24:28 DEBUG ByteBufUtil:96 - -Dio.netty.threadLocalDirectBufferSize: 0
2023-02-05 01:24:28 DEBUG ByteBufUtil:99 - -Dio.netty.maxThreadLocalCharBufferSize: 16384
2023-02-05 01:24:28 DEBUG DefaultChannelId:79 - -Dio.netty.processId: 2296 (auto-detected)
2023-02-05 01:24:28 DEBUG NetUtil:142 - -Djava.net.preferIPv4Stack: false
2023-02-05 01:24:28 DEBUG NetUtil:143 - -Djava.net.preferIPv6Addresses: false
2023-02-05 01:24:28 DEBUG NetUtilInitializations:139 - Loopback interface: lo (Software Loopback Interface 1, 127.0.0.1)
2023-02-05 01:24:28 DEBUG NetUtil:200 - Failed to get SOMAXCONN from sysctl and file \proc\sys\net\core\somaxconn. Default: 200
2023-02-05 01:24:28 DEBUG DefaultChannelId:101 - -Dio.netty.machineId: 34:7d:f6:ff:fe:9c:4b:09 (auto-detected)
2023-02-05 01:24:28 DEBUG AbstractByteBuf:63 - -Dio.netty.buffer.checkAccessible: true
2023-02-05 01:24:28 DEBUG AbstractByteBuf:64 - -Dio.netty.buffer.checkBounds: true
2023-02-05 01:24:28 DEBUG ResourceLeakDetectorFactory:196 - Loaded default ResourceLeakDetector: io.netty.util.ResourceLeakDetector@31573260
2023-02-05 01:24:28 DEBUG NettyConnectListener:73 - Using new Channel '[id: 0xe29995ed, L:/127.0.0.1:54371 - R:localhost/127.0.0.1:34138]' for 'POST' to '/session'
2023-02-05 01:24:28 DEBUG Recycler:85 - -Dio.netty.recycler.maxCapacityPerThread: 4096
2023-02-05 01:24:28 DEBUG Recycler:86 - -Dio.netty.recycler.ratio: 8
2023-02-05 01:24:28 DEBUG Recycler:87 - -Dio.netty.recycler.chunkSize: 32
2023-02-05 01:24:28 DEBUG Recycler:88 - -Dio.netty.recycler.blocking: false
2023-02-05 01:24:29 DEBUG Brotli:38 - brotli4j not in the classpath; Brotli support will be unavailable.
2023-02-05 01:24:29 DEBUG HttpHandler:70 - 

Request DefaultHttpRequest(decodeResult: success, version: HTTP/1.1)
POST /session HTTP/1.1
User-Agent: selenium/4.8.0 (java windows)
Content-Length: 365
Content-Type: application/json; charset=utf-8
host: localhost:34138
accept: */*

Response DefaultHttpResponse(decodeResult: success, version: HTTP/1.1)
HTTP/1.1 200 OK
Content-Length: 790
Content-Type: application/json; charset=utf-8
cache-control: no-cache

2023-02-05 01:24:29 DEBUG ChannelManager:270 - Adding key: http://localhost:34138 for channel [id: 0xe29995ed, L:/127.0.0.1:54371 - R:localhost/127.0.0.1:34138]
2023-02-05 01:24:29 DEBUG NettyConnectListener:73 - Using new Channel '[id: 0x0e6b5cf1, L:/127.0.0.1:54379 - R:localhost/127.0.0.1:54372]' for 'GET' to '/json/version'
2023-02-05 01:24:29 DEBUG HttpHandler:70 - 

Request DefaultFullHttpRequest(decodeResult: success, version: HTTP/1.1, content: EmptyByteBufBE)
GET /json/version HTTP/1.1
User-Agent: selenium/4.8.0 (java windows)
host: localhost:54372
accept: */*

Response DefaultHttpResponse(decodeResult: success, version: HTTP/1.1)
HTTP/1.1 200 OK
Content-Length: 424
Content-Type: application/json; charset=UTF-8

2023-02-05 01:24:29 DEBUG ChannelManager:270 - Adding key: http://localhost:54372 for channel [id: 0x0e6b5cf1, L:/127.0.0.1:54379 - R:localhost/127.0.0.1:54372]
2023-02-05 01:24:29 DEBUG ThreadLocalRandom:214 - -Dio.netty.initialSeedUniquifier: 0x2af2cf668be5da36
2023-02-05 01:24:29 DEBUG NettyConnectListener:73 - Using new Channel '[id: 0x3cd70381, L:/127.0.0.1:54380 - R:localhost/127.0.0.1:54372]' for 'GET' to '/devtools/browser/8e1f0bd2-9c0d-493f-b9c2-8a14b4a1a314'
2023-02-05 01:24:29 DEBUG WebSocketHandler:105 - 

Request DefaultFullHttpRequest(decodeResult: success, version: HTTP/1.1, content: EmptyByteBufBE)
GET /devtools/browser/8e1f0bd2-9c0d-493f-b9c2-8a14b4a1a314 HTTP/1.1
upgrade: websocket
connection: upgrade
sec-websocket-key: XINo7EuIMNgdkiQ8dspfbw==
sec-websocket-version: 13
origin: http://localhost:54372
host: localhost:54372
accept: */*
user-agent: AHC/2.1

Response DefaultHttpResponse(decodeResult: success, version: HTTP/1.1)
HTTP/1.1 101 WebSocket Protocol Handshake
Upgrade: WebSocket
Connection: Upgrade
Sec-WebSocket-Accept: iHGp8UJ/jbTMGOvmrkkAi01OraI=

2023-02-05 01:24:29 DEBUG NettyRequestSender:593 - Using pooled Channel '[id: 0xe29995ed, L:/127.0.0.1:54371 - R:localhost/127.0.0.1:34138]' for 'POST' to 'http://localhost:34138/session/9e7f88c67a9153a2cd055acbef284843/url'
2023-02-05 01:24:29 DEBUG NettyRequestSender:251 - Using open Channel [id: 0xe29995ed, L:/127.0.0.1:54371 - R:localhost/127.0.0.1:34138] for POST '/session/9e7f88c67a9153a2cd055acbef284843/url'
2023-02-05 01:24:30 DEBUG DefaultChannelPool:348 - Entry count for : http://localhost:54372 : 1
2023-02-05 01:24:30 DEBUG HttpHandler:70 - 

Request DefaultHttpRequest(decodeResult: success, version: HTTP/1.1)
POST /session/9e7f88c67a9153a2cd055acbef284843/url HTTP/1.1
User-Agent: selenium/4.8.0 (java windows)
Content-Length: 46
Content-Type: application/json; charset=utf-8
host: localhost:34138
accept: */*

Response DefaultHttpResponse(decodeResult: success, version: HTTP/1.1)
HTTP/1.1 200 OK
Content-Length: 14
Content-Type: application/json; charset=utf-8
cache-control: no-cache

2023-02-05 01:24:30 DEBUG ChannelManager:270 - Adding key: http://localhost:34138 for channel [id: 0xe29995ed, L:/127.0.0.1:54371 - R:localhost/127.0.0.1:34138]
2023-02-05 01:24:30 DEBUG NettyRequestSender:593 - Using pooled Channel '[id: 0xe29995ed, L:/127.0.0.1:54371 - R:localhost/127.0.0.1:34138]' for 'POST' to 'http://localhost:34138/session/9e7f88c67a9153a2cd055acbef284843/window/maximize'
2023-02-05 01:24:30 DEBUG NettyRequestSender:251 - Using open Channel [id: 0xe29995ed, L:/127.0.0.1:54371 - R:localhost/127.0.0.1:34138] for POST '/session/9e7f88c67a9153a2cd055acbef284843/window/maximize'
2023-02-05 01:24:30 DEBUG HttpHandler:70 - 

Request DefaultHttpRequest(decodeResult: success, version: HTTP/1.1)
POST /session/9e7f88c67a9153a2cd055acbef284843/window/maximize HTTP/1.1
User-Agent: selenium/4.8.0 (java windows)
Content-Length: 3
Content-Type: application/json; charset=utf-8
host: localhost:34138
accept: */*

Response DefaultHttpResponse(decodeResult: success, version: HTTP/1.1)
HTTP/1.1 200 OK
Content-Length: 52
Content-Type: application/json; charset=utf-8
cache-control: no-cache

2023-02-05 01:24:30 DEBUG ChannelManager:270 - Adding key: http://localhost:34138 for channel [id: 0xe29995ed, L:/127.0.0.1:54371 - R:localhost/127.0.0.1:34138]
2023-02-05 01:24:30 DEBUG NettyRequestSender:593 - Using pooled Channel '[id: 0xe29995ed, L:/127.0.0.1:54371 - R:localhost/127.0.0.1:34138]' for 'POST' to 'http://localhost:34138/session/9e7f88c67a9153a2cd055acbef284843/element'
2023-02-05 01:24:30 DEBUG NettyRequestSender:251 - Using open Channel [id: 0xe29995ed, L:/127.0.0.1:54371 - R:localhost/127.0.0.1:34138] for POST '/session/9e7f88c67a9153a2cd055acbef284843/element'
2023-02-05 01:24:30 DEBUG HttpHandler:70 - 

Request DefaultHttpRequest(decodeResult: success, version: HTTP/1.1)
POST /session/9e7f88c67a9153a2cd055acbef284843/element HTTP/1.1
User-Agent: selenium/4.8.0 (java windows)
Content-Length: 55
Content-Type: application/json; charset=utf-8
host: localhost:34138
accept: */*

Response DefaultHttpResponse(decodeResult: success, version: HTTP/1.1)
HTTP/1.1 200 OK
Content-Length: 88
Content-Type: application/json; charset=utf-8
cache-control: no-cache

2023-02-05 01:24:30 DEBUG ChannelManager:270 - Adding key: http://localhost:34138 for channel [id: 0xe29995ed, L:/127.0.0.1:54371 - R:localhost/127.0.0.1:34138]
2023-02-05 01:24:30 DEBUG NettyRequestSender:593 - Using pooled Channel '[id: 0xe29995ed, L:/127.0.0.1:54371 - R:localhost/127.0.0.1:34138]' for 'POST' to 'http://localhost:34138/session/9e7f88c67a9153a2cd055acbef284843/element/044ee768-3e07-4e68-84ff-238c99f0f761/value'
2023-02-05 01:24:30 DEBUG NettyRequestSender:251 - Using open Channel [id: 0xe29995ed, L:/127.0.0.1:54371 - R:localhost/127.0.0.1:34138] for POST '/session/9e7f88c67a9153a2cd055acbef284843/element/044ee768-3e07-4e68-84ff-238c99f0f761/value'
2023-02-05 01:24:30 DEBUG HttpHandler:70 - 

Request DefaultHttpRequest(decodeResult: success, version: HTTP/1.1)
POST /session/9e7f88c67a9153a2cd055acbef284843/element/044ee768-3e07-4e68-84ff-238c99f0f761/value HTTP/1.1
User-Agent: selenium/4.8.0 (java windows)
Content-Length: 151
Content-Type: application/json; charset=utf-8
host: localhost:34138
accept: */*

Response DefaultHttpResponse(decodeResult: success, version: HTTP/1.1)
HTTP/1.1 400 Bad Request
Content-Length: 887
Content-Type: application/json; charset=utf-8
cache-control: no-cache

2023-02-05 01:24:30 DEBUG ChannelManager:270 - Adding key: http://localhost:34138 for channel [id: 0xe29995ed, L:/127.0.0.1:54371 - R:localhost/127.0.0.1:34138]
]]></system-out>
    <system-err><![CDATA[Starting ChromeDriver 109.0.5414.74 (e7c5703604daa9cc128ccf5a5d3e993513758913-refs/branch-heads/5414@{#1172}) on port 34138
Only local connections are allowed.
Please see https://chromedriver.chromium.org/security-considerations for suggestions on keeping ChromeDriver safe.
ChromeDriver was started successfully.
]]></system-err>
  </testcase>
</testsuite>